d:\visual studio workspace\survivor\survivor\release\vc143.pdb
d:\visual studio workspace\survivor\survivor\release\timer.obj
d:\visual studio workspace\survivor\survivor\release\player.obj
d:\visual studio workspace\survivor\survivor\release\music.obj
d:\visual studio workspace\survivor\survivor\release\main.obj
d:\visual studio workspace\survivor\survivor\release\game.obj
d:\visual studio workspace\survivor\survivor\release\enemy.obj
d:\visual studio workspace\survivor\survivor\release\draw.obj
d:\visual studio workspace\survivor\survivor\release\define.obj
d:\visual studio workspace\survivor\survivor\release\button.obj
d:\visual studio workspace\survivor\survivor\release\bullet.obj
d:\visual studio workspace\survivor\survivor\release\anim.obj
d:\visual studio workspace\survivor\release\survivor.exe
d:\visual studio workspace\survivor\release\survivor.pdb
d:\visual studio workspace\survivor\survivor\release\survivor.ipdb
d:\visual studio workspace\survivor\survivor\release\survivor.iobj
d:\visual studio workspace\survivor\survivor\release\survivor.tlog\cl.command.1.tlog
d:\visual studio workspace\survivor\survivor\release\survivor.tlog\cl.items.tlog
d:\visual studio workspace\survivor\survivor\release\survivor.tlog\cl.read.1.tlog
d:\visual studio workspace\survivor\survivor\release\survivor.tlog\cl.write.1.tlog
d:\visual studio workspace\survivor\survivor\release\survivor.tlog\link.command.1.tlog
d:\visual studio workspace\survivor\survivor\release\survivor.tlog\link.read.1.tlog
d:\visual studio workspace\survivor\survivor\release\survivor.tlog\link.secondary.1.tlog
d:\visual studio workspace\survivor\survivor\release\survivor.tlog\link.write.1.tlog
